2013-03-19 11:15:07: -------
2013-03-19 11:15:07: Processing cart: 
2013-03-19 11:15:07: [{"Product_id":"23","title":"Malene Birger","desc":"Lourena jurkje","thumb":"http:\/\/webshop.sytematic.nl\/uploads\/Product\/Product_imageDish_23_1358530224321.jpg","quantity":"1","price":"499.95","VAT":"0.21"}]
2013-03-19 11:15:07: Array
(
    [deliveryType] => bezorgen
    [companyName] => Sytematic Software
    [firstname] => Marten
    [surname] => Sijtema
    [street] => Hugo de Grootstraat 62b
    [number] => 2
    [postcode] => 2518EE
    [city] => Den Haag
    [country] => Overijssel
    [email] => marten@sytematic.nl
    [phone] => 2
    [VATnumber] => 
    [deliveryStreet] => 
    [deliveryNumber] => 
    [deliveryZipcode] => 
    [deliveryCity] => 
    [orderComment] => 
    [coupon] => 
    [issuerid] => 99
    [invoice] => Plaats bestelling
    [hostname] => denimes
    [action] => place_order
    [shoppingCart] => [{"Product_id":"23","title":"Malene Birger","desc":"Lourena jurkje","thumb":"http:\/\/webshop.sytematic.nl\/uploads\/Product\/Product_imageDish_23_1358530224321.jpg","quantity":"1","price":"499.95","VAT":"0.21"}]
)

2013-03-19 11:15:07: Inserted person id: 34
2013-03-19 11:15:07: Inserted Order id: 23
2013-03-19 11:15:07: Creating iDeal transaction
2013-03-19 11:15:07: adding price: 499.95 1
2013-03-19 11:15:07: purchaseId: 23
2013-03-19 11:15:07: description: Sytematic Sisow Account
2013-03-19 11:15:07: amount: 49995
2013-03-19 11:15:07: issuerId: 99
2013-03-19 11:15:07: returnUrl: http://localhost/~marten/wordpress/success
2013-03-19 11:15:07: notifyUrl: http://webshop.sytematic.nl/public/sisow_notifications
2013-03-19 11:15:07: De iDeal betaling is mislukt, foutmelding: , No returnurl
2013-03-19 11:17:26: -------
2013-03-19 11:17:26: Processing cart: 
2013-03-19 11:17:26: [{"Product_id":"23","title":"Malene Birger","desc":"Lourena jurkje","thumb":"http:\/\/webshop.sytematic.nl\/uploads\/Product\/Product_imageDish_23_1358530224321.jpg","quantity":"1","price":"499.95","VAT":"0.21"}]
2013-03-19 11:17:26: Array
(
    [deliveryType] => bezorgen
    [companyName] => Sytematic Software
    [firstname] => Marten
    [surname] => Sijtema
    [street] => Hugo de Grootstraat 62b
    [number] => 2
    [postcode] => 2518EE
    [city] => Den Haag
    [country] => Overijssel
    [email] => marten@sytematic.nl
    [phone] => 2
    [VATnumber] => 
    [deliveryStreet] => 
    [deliveryNumber] => 
    [deliveryZipcode] => 
    [deliveryCity] => 
    [orderComment] => 
    [coupon] => 
    [issuerid] => 99
    [invoice] => Plaats bestelling
    [hostname] => denimes
    [action] => place_order
    [shoppingCart] => [{"Product_id":"23","title":"Malene Birger","desc":"Lourena jurkje","thumb":"http:\/\/webshop.sytematic.nl\/uploads\/Product\/Product_imageDish_23_1358530224321.jpg","quantity":"1","price":"499.95","VAT":"0.21"}]
)

2013-03-19 11:17:26: Inserted person id: 35
2013-03-19 11:17:26: Inserted Order id: 24
2013-03-19 11:17:26: Creating iDeal transaction
2013-03-19 11:17:26: adding price: 499.95 1
2013-03-19 11:17:26: purchaseId: 24
2013-03-19 11:17:26: description: Sytematic Sisow Account
2013-03-19 11:17:26: amount: 49995
2013-03-19 11:17:26: issuerId: 99
2013-03-19 11:17:26: returnUrl: http://localhost/~marten/wordpress/success
2013-03-19 11:17:26: notifyUrl: http://webshop.sytematic.nl/public/sisow_notifications
2013-03-19 11:17:26: De iDeal betaling is mislukt, foutmelding: , No returnurl
2013-03-19 11:19:20: -------
2013-03-19 11:19:20: Processing cart: 
2013-03-19 11:19:20: [{"Product_id":"23","title":"Malene Birger","desc":"Lourena jurkje","thumb":"http:\/\/webshop.sytematic.nl\/uploads\/Product\/Product_imageDish_23_1358530224321.jpg","quantity":"1","price":"499.95","VAT":"0.21"}]
2013-03-19 11:19:20: Array
(
    [deliveryType] => bezorgen
    [companyName] => Sytematic Software
    [firstname] => Marten
    [surname] => Sijtema
    [street] => Hugo de Grootstraat 62b
    [number] => 2
    [postcode] => 2518EE
    [city] => Den Haag
    [country] => Overijssel
    [email] => marten@sytematic.nl
    [phone] => 2
    [VATnumber] => 
    [deliveryStreet] => 
    [deliveryNumber] => 
    [deliveryZipcode] => 
    [deliveryCity] => 
    [orderComment] => 
    [coupon] => 
    [issuerid] => 99
    [invoice] => Plaats bestelling
    [hostname] => denimes
    [action] => place_order
    [shoppingCart] => [{"Product_id":"23","title":"Malene Birger","desc":"Lourena jurkje","thumb":"http:\/\/webshop.sytematic.nl\/uploads\/Product\/Product_imageDish_23_1358530224321.jpg","quantity":"1","price":"499.95","VAT":"0.21"}]
)

2013-03-19 11:19:20: Inserted person id: 36
2013-03-19 11:19:20: Inserted Order id: 25
2013-03-19 11:19:20: Creating iDeal transaction
2013-03-19 11:19:20: adding price: 499.95 1
2013-03-19 11:19:20: purchaseId: 25
2013-03-19 11:19:20: description: Sytematic Sisow Account
2013-03-19 11:19:20: amount: 49995
2013-03-19 11:19:20: issuerId: 99
2013-03-19 11:19:20: returnUrl: http://localhost/~marten/wordpress/success
2013-03-19 11:19:20: notifyUrl: http://webshop.sytematic.nl/public/sisow_notifications
2013-03-19 11:20:28: -------
2013-03-19 11:20:28: Processing cart: 
2013-03-19 11:20:28: [{"Product_id":"23","title":"Malene Birger","desc":"Lourena jurkje","thumb":"http:\/\/webshop.sytematic.nl\/uploads\/Product\/Product_imageDish_23_1358530224321.jpg","quantity":"1","price":"499.95","VAT":"0.21"}]
2013-03-19 11:20:28: Array
(
    [deliveryType] => bezorgen
    [companyName] => Sytematic Software
    [firstname] => Marten
    [surname] => Sijtema
    [street] => Hugo de Grootstraat 62b
    [number] => 2
    [postcode] => 2518EE
    [city] => Den Haag
    [country] => Overijssel
    [email] => marten@sytematic.nl
    [phone] => 2
    [VATnumber] => 
    [deliveryStreet] => 
    [deliveryNumber] => 
    [deliveryZipcode] => 
    [deliveryCity] => 
    [orderComment] => 
    [coupon] => 
    [issuerid] => 99
    [invoice] => Plaats bestelling
    [hostname] => denimes
    [action] => place_order
    [shoppingCart] => [{"Product_id":"23","title":"Malene Birger","desc":"Lourena jurkje","thumb":"http:\/\/webshop.sytematic.nl\/uploads\/Product\/Product_imageDish_23_1358530224321.jpg","quantity":"1","price":"499.95","VAT":"0.21"}]
)

2013-03-19 11:20:28: Inserted person id: 37
2013-03-19 11:20:28: Inserted Order id: 26
2013-03-19 11:20:28: Creating iDeal transaction
2013-03-19 11:20:28: adding price: 499.95 1
2013-03-19 11:20:28: purchaseId: 26
2013-03-19 11:20:28: description: Sytematic Sisow Account
2013-03-19 11:20:28: amount: 49995
2013-03-19 11:20:28: issuerId: 99
2013-03-19 11:20:28: returnUrl: http://localhost/~marten/wordpress/success
2013-03-19 11:20:28: notifyUrl: http://webshop.sytematic.nl/public/sisow_notifications
2013-03-19 11:20:43: -------
2013-03-19 11:20:43: Processing cart: 
2013-03-19 11:20:43: [{"Product_id":"23","title":"Malene Birger","desc":"Lourena jurkje","thumb":"http:\/\/webshop.sytematic.nl\/uploads\/Product\/Product_imageDish_23_1358530224321.jpg","quantity":"1","price":"499.95","VAT":"0.21"}]
2013-03-19 11:20:43: Array
(
    [deliveryType] => bezorgen
    [companyName] => Sytematic Software
    [firstname] => Marten
    [surname] => Sijtema
    [street] => Hugo de Grootstraat 62b
    [number] => 1
    [postcode] => 2518EE
    [city] => Den Haag
    [country] => Overijssel
    [email] => marten@sytematic.nl
    [phone] => 1
    [VATnumber] => 
    [deliveryStreet] => 
    [deliveryNumber] => 
    [deliveryZipcode] => 
    [deliveryCity] => 
    [orderComment] => 
    [coupon] => 
    [issuerid] => 99
    [invoice] => Plaats bestelling
    [hostname] => denimes
    [action] => place_order
    [shoppingCart] => [{"Product_id":"23","title":"Malene Birger","desc":"Lourena jurkje","thumb":"http:\/\/webshop.sytematic.nl\/uploads\/Product\/Product_imageDish_23_1358530224321.jpg","quantity":"1","price":"499.95","VAT":"0.21"}]
)

2013-03-19 11:20:44: Inserted person id: 38
2013-03-19 11:20:44: Inserted Order id: 27
2013-03-19 11:20:44: Creating iDeal transaction
2013-03-19 11:20:44: adding price: 499.95 1
2013-03-19 11:20:44: purchaseId: 27
2013-03-19 11:20:44: description: Sytematic Sisow Account
2013-03-19 11:20:44: amount: 49995
2013-03-19 11:20:44: issuerId: 99
2013-03-19 11:20:44: returnUrl: http://localhost/~marten/wordpress/success
2013-03-19 11:20:44: notifyUrl: http://webshop.sytematic.nl/public/sisow_notifications
2013-03-19 11:30:16: -------
2013-03-19 11:30:16: Processing cart: 
2013-03-19 11:30:16: [{"Product_id":"23","title":"Malene Birger","desc":"Lourena jurkje","thumb":"http:\/\/webshop.sytematic.nl\/uploads\/Product\/Product_imageDish_23_1358530224321.jpg","quantity":"1","price":"499.95","VAT":"0.21"}]
2013-03-19 11:30:16: Array
(
    [deliveryType] => bezorgen
    [companyName] => Sytematic Software
    [firstname] => Marten
    [surname] => Sijtema
    [street] => Hugo de Grootstraat 62b
    [number] => 32
    [postcode] => 2518EE
    [city] => Den Haag
    [country] => Overijssel
    [email] => marten@sytematic.nl
    [phone] => 23
    [VATnumber] => 
    [deliveryStreet] => 
    [deliveryNumber] => 
    [deliveryZipcode] => 
    [deliveryCity] => 
    [orderComment] => 
    [coupon] => 
    [issuerid] => 99
    [invoice] => Plaats bestelling
    [hostname] => denimes
    [action] => place_order
    [shoppingCart] => [{"Product_id":"23","title":"Malene Birger","desc":"Lourena jurkje","thumb":"http:\/\/webshop.sytematic.nl\/uploads\/Product\/Product_imageDish_23_1358530224321.jpg","quantity":"1","price":"499.95","VAT":"0.21"}]
)

2013-03-19 11:30:16: Inserted person id: 39
2013-03-19 11:30:16: Inserted Order id: 28
2013-03-19 11:30:16: Creating iDeal transaction
2013-03-19 11:30:16: adding price: 499.95 1
2013-03-19 11:30:16: purchaseId: 28
2013-03-19 11:30:16: description: Sytematic Sisow Account
2013-03-19 11:30:16: amount: 49995
2013-03-19 11:30:16: issuerId: 99
2013-03-19 11:30:16: returnUrl: http://localhost/~marten/wordpress/success
2013-03-19 11:30:16: notifyUrl: http://webshop.sytematic.nl/public/sisow_notifications
2013-03-19 11:30:50: -------
2013-03-19 11:30:50: Processing cart: 
2013-03-19 11:30:50: [{"Product_id":"23","title":"Malene Birger","desc":"Lourena jurkje","thumb":"http:\/\/webshop.sytematic.nl\/uploads\/Product\/Product_imageDish_23_1358530224321.jpg","quantity":"1","price":"499.95","VAT":"0.21"}]
2013-03-19 11:30:50: Array
(
    [deliveryType] => bezorgen
    [companyName] => Sytematic Software
    [firstname] => Marten
    [surname] => Sijtema
    [street] => Hugo de Grootstraat 62b
    [number] => 1
    [postcode] => 2518EE
    [city] => Den Haag
    [country] => Overijssel
    [email] => marten@sytematic.nl
    [phone] => 1
    [VATnumber] => 
    [deliveryStreet] => 
    [deliveryNumber] => 
    [deliveryZipcode] => 
    [deliveryCity] => 
    [orderComment] => 
    [coupon] => 
    [issuerid] => 99
    [invoice] => Plaats bestelling
    [hostname] => denimes
    [action] => place_order
    [shoppingCart] => [{"Product_id":"23","title":"Malene Birger","desc":"Lourena jurkje","thumb":"http:\/\/webshop.sytematic.nl\/uploads\/Product\/Product_imageDish_23_1358530224321.jpg","quantity":"1","price":"499.95","VAT":"0.21"}]
)

2013-03-19 11:30:50: Inserted person id: 40
2013-03-19 11:30:50: Inserted Order id: 29
2013-03-19 11:30:50: Creating iDeal transaction
2013-03-19 11:30:50: adding price: 499.95 1
2013-03-19 11:30:50: purchaseId: 29
2013-03-19 11:30:50: description: Sytematic Sisow Account
2013-03-19 11:30:50: amount: 49995
2013-03-19 11:30:50: issuerId: 99
2013-03-19 11:30:50: returnUrl: http://localhost/~marten/wordpress/success
2013-03-19 11:30:50: notifyUrl: http://webshop.sytematic.nl/public/sisow_notifications
2013-03-19 11:31:11: -------
2013-03-19 11:31:11: Processing cart: 
2013-03-19 11:31:11: [{"Product_id":"23","title":"Malene Birger","desc":"Lourena jurkje","thumb":"http:\/\/webshop.sytematic.nl\/uploads\/Product\/Product_imageDish_23_1358530224321.jpg","quantity":"1","price":"499.95","VAT":"0.21"}]
2013-03-19 11:31:11: Array
(
    [deliveryType] => bezorgen
    [companyName] => Sytematic Software
    [firstname] => Marten
    [surname] => Sijtema
    [street] => Hugo de Grootstraat 62b
    [number] => 12
    [postcode] => 2518EE
    [city] => Den Haag
    [country] => Overijssel
    [email] => marten@sytematic.nl
    [phone] => 12
    [VATnumber] => 
    [deliveryStreet] => 
    [deliveryNumber] => 
    [deliveryZipcode] => 
    [deliveryCity] => 
    [orderComment] => 
    [coupon] => 
    [issuerid] => 99
    [invoice] => Plaats bestelling
    [hostname] => denimes
    [action] => place_order
    [shoppingCart] => [{"Product_id":"23","title":"Malene Birger","desc":"Lourena jurkje","thumb":"http:\/\/webshop.sytematic.nl\/uploads\/Product\/Product_imageDish_23_1358530224321.jpg","quantity":"1","price":"499.95","VAT":"0.21"}]
)

2013-03-19 11:31:11: Inserted person id: 41
2013-03-19 11:31:11: Inserted Order id: 30
2013-03-19 11:31:11: Creating iDeal transaction
2013-03-19 11:31:11: adding price: 499.95 1
2013-03-19 11:31:11: purchaseId: 30
2013-03-19 11:31:11: description: Sytematic Sisow Account
2013-03-19 11:31:11: amount: 49995
2013-03-19 11:31:11: issuerId: 99
2013-03-19 11:31:11: returnUrl: http://localhost/~marten/wordpress/success
2013-03-19 11:31:11: notifyUrl: http://webshop.sytematic.nl/public/sisow_notifications
2013-03-19 11:32:42: -------
2013-03-19 11:32:42: Processing cart: 
2013-03-19 11:32:42: [{"Product_id":"23","title":"Malene Birger","desc":"Lourena jurkje","thumb":"http:\/\/webshop.sytematic.nl\/uploads\/Product\/Product_imageDish_23_1358530224321.jpg","quantity":"1","price":"499.95","VAT":"0.21"}]
2013-03-19 11:32:42: Array
(
    [deliveryType] => bezorgen
    [companyName] => Sytematic Software
    [firstname] => Marten
    [surname] => Sijtema
    [street] => Hugo de Grootstraat 62b
    [number] => 45
    [postcode] => 2518EE
    [city] => Den Haag
    [country] => Overijssel
    [email] => marten@sytematic.nl
    [phone] => 45
    [VATnumber] => 
    [deliveryStreet] => 
    [deliveryNumber] => 
    [deliveryZipcode] => 
    [deliveryCity] => 
    [orderComment] => 
    [coupon] => 
    [issuerid] => 99
    [invoice] => Plaats bestelling
    [hostname] => denimes
    [action] => place_order
    [shoppingCart] => [{"Product_id":"23","title":"Malene Birger","desc":"Lourena jurkje","thumb":"http:\/\/webshop.sytematic.nl\/uploads\/Product\/Product_imageDish_23_1358530224321.jpg","quantity":"1","price":"499.95","VAT":"0.21"}]
)

2013-03-19 11:32:42: Inserted person id: 42
2013-03-19 11:32:42: Inserted Order id: 31
2013-03-19 11:32:42: Creating iDeal transaction
2013-03-19 11:32:42: adding price: 499.95 1
2013-03-19 11:32:42: purchaseId: 31
2013-03-19 11:32:42: description: Sytematic Sisow Account
2013-03-19 11:32:42: amount: 49995
2013-03-19 11:32:42: issuerId: 99
2013-03-19 11:32:42: returnUrl: http://localhost/~marten/wordpress/success
2013-03-19 11:32:42: notifyUrl: http://webshop.sytematic.nl/public/sisow_notifications
2013-03-19 11:32:42: Setting redirect url: https://www.sisow.nl/Sisow/iDeal/Simulator.aspx?merchantid=2537507457&txid=TEST080486601589&sha1=4b37d5fd00acc282b901248e1855dc184ef942b6
2013-03-19 11:33:17: -------
2013-03-19 11:33:17: Processing cart: 
2013-03-19 11:33:17: [{"Product_id":"23","title":"Malene Birger","desc":"Lourena jurkje","thumb":"http:\/\/webshop.sytematic.nl\/uploads\/Product\/Product_imageDish_23_1358530224321.jpg","quantity":"1","price":"499.95","VAT":"0.21"}]
2013-03-19 11:33:17: Array
(
    [deliveryType] => bezorgen
    [companyName] => Sytematic Software
    [firstname] => Marten
    [surname] => Sijtema
    [street] => Hugo de Grootstraat 62b
    [number] => 45
    [postcode] => 2518EE
    [city] => Den Haag
    [country] => Overijssel
    [email] => marten@sytematic.nl
    [phone] => 45
    [VATnumber] => 
    [deliveryStreet] => 
    [deliveryNumber] => 
    [deliveryZipcode] => 
    [deliveryCity] => 
    [orderComment] => 
    [coupon] => 
    [issuerid] => 99
    [invoice] => Plaats bestelling
    [hostname] => denimes
    [action] => place_order
    [shoppingCart] => [{"Product_id":"23","title":"Malene Birger","desc":"Lourena jurkje","thumb":"http:\/\/webshop.sytematic.nl\/uploads\/Product\/Product_imageDish_23_1358530224321.jpg","quantity":"1","price":"499.95","VAT":"0.21"}]
)

2013-03-19 11:33:17: Inserted person id: 43
2013-03-19 11:33:17: Inserted Order id: 32
2013-03-19 11:33:17: Creating iDeal transaction
2013-03-19 11:33:17: adding price: 499.95 1
2013-03-19 11:33:17: purchaseId: 32
2013-03-19 11:33:17: description: Sytematic Sisow Account
2013-03-19 11:33:17: amount: 49995
2013-03-19 11:33:17: issuerId: 99
2013-03-19 11:33:17: returnUrl: http://localhost/~marten/wordpress/success
2013-03-19 11:33:17: notifyUrl: http://webshop.sytematic.nl/public/sisow_notifications
2013-03-19 11:33:17: Setting redirect url: https://www.sisow.nl/Sisow/iDeal/Simulator.aspx?merchantid=2537507457&txid=TEST080486601596&sha1=514e0b4fb67f9b178db7531e22ee59c7533f604e
2013-03-19 11:33:29: -------
2013-03-19 11:33:29: Processing cart: 
2013-03-19 11:33:29: [{"Product_id":"23","title":"Malene Birger","desc":"Lourena jurkje","thumb":"http:\/\/webshop.sytematic.nl\/uploads\/Product\/Product_imageDish_23_1358530224321.jpg","quantity":"1","price":"499.95","VAT":"0.21"}]
2013-03-19 11:33:29: Array
(
    [deliveryType] => bezorgen
    [companyName] => Sytematic Software
    [firstname] => Marten
    [surname] => Sijtema
    [street] => Hugo de Grootstraat 62b
    [number] => 23
    [postcode] => 2518EE
    [city] => Den Haag
    [country] => Overijssel
    [email] => marten@sytematic.nl
    [phone] => 3
    [VATnumber] => 
    [deliveryStreet] => 
    [deliveryNumber] => 
    [deliveryZipcode] => 
    [deliveryCity] => 
    [orderComment] => 
    [coupon] => 
    [issuerid] => 99
    [invoice] => Plaats bestelling
    [hostname] => denimes
    [action] => place_order
    [shoppingCart] => [{"Product_id":"23","title":"Malene Birger","desc":"Lourena jurkje","thumb":"http:\/\/webshop.sytematic.nl\/uploads\/Product\/Product_imageDish_23_1358530224321.jpg","quantity":"1","price":"499.95","VAT":"0.21"}]
)

2013-03-19 11:33:29: Inserted person id: 44
2013-03-19 11:33:29: Inserted Order id: 33
2013-03-19 11:33:29: Creating iDeal transaction
2013-03-19 11:33:29: adding price: 499.95 1
2013-03-19 11:33:29: purchaseId: 33
2013-03-19 11:33:29: description: Sytematic Sisow Account
2013-03-19 11:33:29: amount: 49995
2013-03-19 11:33:29: issuerId: 99
2013-03-19 11:33:29: returnUrl: http://localhost/~marten/wordpress/success
2013-03-19 11:33:29: notifyUrl: http://webshop.sytematic.nl/public/sisow_notifications
2013-03-19 11:33:29: Setting redirect url: https://www.sisow.nl/Sisow/iDeal/Simulator.aspx?merchantid=2537507457&txid=TEST080486601601&sha1=991d64e2f5a2ac59bb32eaca13b6932cc1fb77e2
2013-03-19 14:04:29: -------
2013-03-19 14:04:29: Processing cart: 
2013-03-19 14:04:29: [{"Product_id":"23","title":"Malene Birger","desc":"Lourena jurkje","thumb":"http:\/\/webshop.sytematic.nl\/uploads\/Product\/Product_imageDish_23_1358530224321.jpg","quantity":"1","price":"499.95","VAT":"0.21"}]
2013-03-19 14:04:29: Array
(
    [deliveryType] => bezorgen
    [companyName] => Sytematic Software
    [firstname] => Marten
    [surname] => Sijtema
    [street] => Hugo de Grootstraat 62b
    [number] => 63
    [postcode] => 2518EE
    [city] => Den Haag
    [country] => Overijssel
    [email] => marten@sytematic.nl
    [phone] => 66
    [VATnumber] => 
    [deliveryStreet] => 
    [deliveryNumber] => 
    [deliveryZipcode] => 
    [deliveryCity] => 
    [orderComment] => 
    [coupon] => 
    [issuerid] => 99
    [invoice] => Plaats bestelling
    [hostname] => denimes
    [action] => place_order
    [shoppingCart] => [{"Product_id":"23","title":"Malene Birger","desc":"Lourena jurkje","thumb":"http:\/\/webshop.sytematic.nl\/uploads\/Product\/Product_imageDish_23_1358530224321.jpg","quantity":"1","price":"499.95","VAT":"0.21"}]
)

2013-03-19 14:04:30: Inserted person id: 45
2013-03-19 14:04:30: Inserted Order id: 34
2013-03-19 14:04:30: Creating iDeal transaction
2013-03-19 14:04:30: adding price: 499.95 1
2013-03-19 14:04:30: purchaseId: 34
2013-03-19 14:04:30: description: Sytematic Sisow Account
2013-03-19 14:04:30: amount: 500
2013-03-19 14:04:30: issuerId: 99
2013-03-19 14:04:30: returnUrl: http://localhost/~marten/wordpress/success
2013-03-19 14:04:30: notifyUrl: http://webshop.sytematic.nl/public/sisow_notifications
2013-03-19 14:04:31: Setting redirect url: https://www.sisow.nl/Sisow/iDeal/Simulator.aspx?merchantid=2537507457&txid=TEST080486603730&sha1=281440c1d7c6c9354e3a91a6b38dad889ec153a7
